Arguments: 
  /Users/ryanpalermo/.config/nvm/10.14.2/bin/node /Users/ryanpalermo/.yarn/bin/yarn.js init

PATH: 
  /Users/ryanpalermo/.config/nvm/10.14.2/bin:/Users/ryanpalermo/.rbenv/bin:/Users/ryanpalermo/.yarn/bin:/usr/local/bin:/usr/bin:/bin:/usr/sbin:/sbin:/Applications/Wireshark.app/Contents/MacOS

Yarn version: 
  1.22.4

Node version: 
  10.14.2

Platform: 
  darwin x64

Trace: 
  Error: canceled
      at Interface.<anonymous> (/Users/ryanpalermo/.yarn/lib/cli.js:137008:13)
      at Interface.emit (events.js:182:13)
      at Interface._ttyWrite (readline.js:783:16)
      at ReadStream.onkeypress (readline.js:168:10)
      at ReadStream.emit (events.js:182:13)
      at emitKeys (internal/readline.js:424:14)
      at emitKeys.next (<anonymous>)
      at ReadStream.onData (readline.js:1022:36)
      at ReadStream.emit (events.js:182:13)
      at addChunk (_stream_readable.js:283:12)

npm manifest: 
  No manifest

yarn manifest: 
  No manifest

Lockfile: 
  No lockfile
